c:\users\kimsangdae\desktop\가마우지\debug\ipc.pch
c:\users\kimsangdae\desktop\가마우지\debug\stdafx.obj
c:\users\kimsangdae\desktop\가마우지\debug\vc100.pdb
c:\users\kimsangdae\desktop\가마우지\debug\baselayer.obj
c:\users\kimsangdae\desktop\가마우지\debug\chatapplayer.obj
c:\users\kimsangdae\desktop\가마우지\debug\ethernetlayer.obj
c:\users\kimsangdae\desktop\가마우지\debug\filelayer.obj
c:\users\kimsangdae\desktop\가마우지\debug\ipc.obj
c:\users\kimsangdae\desktop\가마우지\debug\ipcappdlg.obj
c:\users\kimsangdae\desktop\가마우지\debug\layermanager.obj
c:\users\kimsangdae\desktop\ipc_참고코드\debug\ipc.pch
c:\users\kimsangdae\desktop\ipc_참고코드\debug\stdafx.obj
c:\users\kimsangdae\desktop\ipc_참고코드\debug\vc100.pdb
c:\users\kimsangdae\desktop\ipc_참고코드\debug\baselayer.obj
c:\users\kimsangdae\desktop\ipc_참고코드\debug\chatapplayer.obj
c:\users\kimsangdae\desktop\ipc_참고코드\debug\ethernetlayer.obj
c:\users\kimsangdae\desktop\ipc_참고코드\debug\filelayer.obj
c:\users\kimsangdae\desktop\ipc_참고코드\debug\ipc.obj
c:\users\kimsangdae\desktop\ipc_참고코드\debug\ipcappdlg.obj
c:\users\kimsangdae\desktop\ipc_참고코드\debug\layermanager.obj
c:\users\kimsangdae\desktop\가마우지\debug\ipc.ilk
c:\users\kimsangdae\desktop\가마우지\debug\ipc.exe
c:\users\kimsangdae\desktop\가마우지\debug\ipc.exe.intermediate.manifest
c:\users\kimsangdae\desktop\가마우지\debug\ipc.pdb
c:\users\kimsangdae\desktop\ipc_참고코드\debug\ipc.ilk
c:\users\kimsangdae\desktop\ipc_참고코드\debug\ipc.exe
c:\users\kimsangdae\desktop\ipc_참고코드\debug\ipc.exe.intermediate.manifest
c:\users\kimsangdae\desktop\ipc_참고코드\debug\ipc.pdb
c:\users\kimsangdae\desktop\가마우지\debug\ipc.exe.embed.manifest
c:\users\kimsangdae\desktop\가마우지\debug\ipc.res
c:\users\kimsangdae\desktop\가마우지\debug\ipc.exe.embed.manifest.res
c:\users\kimsangdae\desktop\ipc_참고코드\debug\ipc.res
c:\users\kimsangdae\desktop\ipc_참고코드\debug\ipc.exe.embed.manifest.res
c:\users\com\desktop\데이터 통신\ipc_참고코드\debug\baselayer.obj
c:\users\com\desktop\데이터 통신\ipc_참고코드\debug\chatapplayer.obj
c:\users\com\desktop\데이터 통신\ipc_참고코드\debug\ethernetlayer.obj
c:\users\com\desktop\데이터 통신\ipc_참고코드\debug\filelayer.obj
c:\users\com\desktop\데이터 통신\ipc_참고코드\debug\ipc.obj
c:\users\com\desktop\데이터 통신\ipc_참고코드\debug\ipcappdlg.obj
c:\users\com\desktop\데이터 통신\ipc_참고코드\debug\layermanager.obj
c:\users\com\desktop\데이터 통신\ipc_참고코드\debug\stdafx.obj
c:\users\com\desktop\데이터 통신\ipc_참고코드\debug\ipc.ilk
c:\users\com\desktop\데이터 통신\ipc_참고코드\debug\cl.command.1.tlog
c:\users\com\desktop\데이터 통신\ipc_참고코드\debug\cl.read.1.tlog
c:\users\com\desktop\데이터 통신\ipc_참고코드\debug\cl.write.1.tlog
c:\users\com\desktop\데이터 통신\ipc_참고코드\debug\link-cvtres.read.1.tlog
c:\users\com\desktop\데이터 통신\ipc_참고코드\debug\link-cvtres.write.1.tlog
c:\users\com\desktop\데이터 통신\ipc_참고코드\debug\link.command.1.tlog
c:\users\com\desktop\데이터 통신\ipc_참고코드\debug\link.read.1.tlog
c:\users\com\desktop\데이터 통신\ipc_참고코드\debug\link.write.1.tlog
c:\users\com\desktop\데이터 통신\ipc_참고코드\debug\mt.command.1.tlog
c:\users\com\desktop\데이터 통신\ipc_참고코드\debug\mt.read.1.tlog
c:\users\com\desktop\데이터 통신\ipc_참고코드\debug\mt.write.1.tlog
c:\users\com\desktop\데이터 통신\ipc_참고코드\debug\rc.command.1.tlog
c:\users\com\desktop\데이터 통신\ipc_참고코드\debug\rc.read.1.tlog
c:\users\com\desktop\데이터 통신\ipc_참고코드\debug\rc.write.1.tlog
c:\users\com\desktop\데이터 통신\ipc_참고코드\debug\ipc.exe.embed.manifest
c:\users\com\desktop\데이터 통신\ipc_참고코드\debug\ipc.exe.intermediate.manifest
c:\users\com\desktop\데이터 통신\ipc_참고코드\debug\ipc.exe.embed.manifest.res
c:\users\com\desktop\데이터 통신\ipc_참고코드\debug\ipc.res
c:\users\com\desktop\데이터 통신\ipc_참고코드\debug\vc100.idb
c:\users\com\desktop\데이터 통신\ipc_참고코드\debug\ipc.pdb
c:\users\com\desktop\데이터 통신\ipc_참고코드\debug\vc100.pdb
c:\users\com\desktop\데이터 통신\ipc_참고코드\debug\ipc_manifest.rc
c:\users\com\desktop\데이터 통신\ipc_참고코드\.\debug\ipc.exe
c:\users\com\desktop\데이터 통신\ipc_참고코드\.\debug\ipc.exe.intermediate.manifest
c:\users\com\desktop\데이터 통신\ipc_참고코드\debug\ipc.tlog\cl.command.1.tlog
c:\users\com\desktop\데이터 통신\ipc_참고코드\debug\ipc.tlog\cl.read.1.tlog
